2021-01-15 22:32:13,194:INFO:discord.client: logging in using static token
2021-01-15 22:32:17,874:DEBUG:discord.http: GET https://discord.com/api/v7/users/@me with None has returned 200
2021-01-15 22:32:17,874:DEBUG:discord.http: GET https://discord.com/api/v7/users/@me has received {'id': '794575761952604230', 'username': 'HackersEncyclopedia', 'avatar': 'b2f7c0cdebdb65154b6f343be93e6404', 'discriminator': '2117', 'public_flags': 0, 'flags': 0, 'bot': True, 'email': None, 'verified': True, 'locale': 'en-US', 'mfa_enabled': False}
2021-01-15 22:32:18,054:DEBUG:discord.http: GET https://discord.com/api/v7/gateway with None has returned 200
2021-01-15 22:32:18,054:DEBUG:discord.http: GET https://discord.com/api/v7/gateway has received {'url': 'wss://gateway.discord.gg'}
2021-01-15 22:32:20,012:DEBUG:discord.gateway: Created websocket connected to wss://gateway.discord.gg?encoding=json&v=6&compress=zlib-stream
2021-01-15 22:32:20,012:DEBUG:discord.client: Dispatching event socket_raw_receive
2021-01-15 22:32:20,012:DEBUG:discord.gateway: For Shard ID None: WebSocket Event: {'t': None, 's': None, 'op': 10, 'd': {'heartbeat_interval': 41250, '_trace': ['["gateway-prd-main-cxzk",{"micros":0.0}]']}}
2021-01-15 22:32:20,012:DEBUG:discord.client: Dispatching event socket_response
2021-01-15 22:32:20,013:DEBUG:discord.client: Dispatching event socket_raw_send
2021-01-15 22:32:20,013:DEBUG:discord.client: Dispatching event socket_raw_send
2021-01-15 22:32:20,013:INFO:discord.gateway: Shard ID None has sent the IDENTIFY payload.
2021-01-15 22:32:20,385:DEBUG:discord.client: Dispatching event socket_raw_receive
2021-01-15 22:32:20,386:DEBUG:discord.gateway: For Shard ID None: WebSocket Event: {'t': None, 's': None, 'op': 11, 'd': None}
2021-01-15 22:32:20,386:DEBUG:discord.client: Dispatching event socket_response
2021-01-15 22:32:20,446:DEBUG:discord.client: Dispatching event socket_raw_receive
2021-01-15 22:32:20,446:DEBUG:discord.gateway: For Shard ID None: WebSocket Event: {'t': 'READY', 's': 1, 'op': 0, 'd': {'v': 6, 'user_settings': {}, 'user': {'verified': True, 'username': 'HackersEncyclopedia', 'mfa_enabled': False, 'id': '794575761952604230', 'flags': 0, 'email': None, 'discriminator': '2117', 'bot': True, 'avatar': 'b2f7c0cdebdb65154b6f343be93e6404'}, 'session_id': 'c0380cf9776db53b9019bc7925c5a23b', 'relationships': [], 'private_channels': [], 'presences': [], 'guilds': [{'unavailable': True, 'id': '688643708513812498'}], 'guild_join_requests': [], 'geo_ordered_rtc_regions': ['hongkong', 'singapore', 'india', 'japan', 'russia'], 'application': {'id': '794575761952604230', 'flags': 0}, '_trace': ['["gateway-prd-main-cxzk",{"micros":52490,"calls":["discord-sessions-prd-2-110",{"micros":49847,"calls":["start_session",{"micros":29663,"calls":["api-prd-main-vq9p",{"micros":26975,"calls":["get_user",{"micros":2078},"add_authorized_ip",{"micros":1530},"get_guilds",{"micros":5778},"coros_wait",{"micros":0}]}]},"guilds_connect",{"micros":1,"calls":[]},"presence_connect",{"micros":16867,"calls":[]}]}]}]']}}
2021-01-15 22:32:20,447:DEBUG:discord.client: Dispatching event socket_response
2021-01-15 22:32:20,447:INFO:discord.gateway: Shard ID None has connected to Gateway: ["gateway-prd-main-cxzk",{"micros":52490,"calls":["discord-sessions-prd-2-110",{"micros":49847,"calls":["start_session",{"micros":29663,"calls":["api-prd-main-vq9p",{"micros":26975,"calls":["get_user",{"micros":2078},"add_authorized_ip",{"micros":1530},"get_guilds",{"micros":5778},"coros_wait",{"micros":0}]}]},"guilds_connect",{"micros":1,"calls":[]},"presence_connect",{"micros":16867,"calls":[]}]}]}] (Session ID: c0380cf9776db53b9019bc7925c5a23b).
2021-01-15 22:32:20,451:DEBUG:discord.client: Dispatching event connect
2021-01-15 22:32:20,452:DEBUG:discord.client: Dispatching event socket_raw_receive
2021-01-15 22:32:20,452:DEBUG:discord.gateway: For Shard ID None: WebSocket Event: {'t': 'GUILD_CREATE', 's': 2, 'op': 0, 'd': {'description': None, 'system_channel_id': '688643708513812648', 'max_members': 100000, 'splash': None, 'preferred_locale': 'en-US', 'system_channel_flags': 0, 'afk_timeout': 300, 'application_id': None, 'region': 'hongkong', 'verification_level': 0, 'presences': [], 'large': False, 'voice_states': [], 'explicit_content_filter': 0, 'name': "Amethysm's underground lab", 'members': [{'user': {'username': 'HackersEncyclopedia', 'id': '794575761952604230', 'discriminator': '2117', 'bot': True, 'avatar': 'b2f7c0cdebdb65154b6f343be93e6404'}, 'roles': ['794577652148076555'], 'premium_since': None, 'pending': False, 'nick': None, 'mute': False, 'joined_at': '2021-01-01T14:47:54.867277+00:00', 'is_pending': False, 'hoisted_role': None, 'deaf': False}], 'features': [], 'rules_channel_id': None, 'channels': [{'type': 4, 'position': 0, 'permission_overwrites': [], 'name': 'Text Channels', 'id': '688643708513812531'}, {'type': 4, 'position': 0, 'permission_overwrites': [], 'name': 'Voice Channels', 'id': '688643708513812593'}, {'type': 0, 'topic': None, 'rate_limit_per_user': 0, 'position': 0, 'permission_overwrites': [], 'parent_id': '688643708513812531', 'name': 'general', 'last_message_id': '799662201266110516', 'id': '688643708513812648'}, {'user_limit': 0, 'type': 2, 'position': 0, 'permission_overwrites': [], 'parent_id': '688643708513812593', 'name': 'General', 'id': '688643709075718145', 'bitrate': 64000}, {'type': 0, 'topic': None, 'rate_limit_per_user': 0, 'position': 1, 'permission_overwrites': [], 'parent_id': '688643708513812531', 'name': 'image', 'last_message_id': '692741202935545956', 'id': '688644725284405376'}], 'afk_channel_id': None, 'premium_subscription_count': 0, 'emojis': [], 'public_updates_channel_id': None, 'joined_at': '2021-01-01T14:47:54.867277+00:00', 'unavailable': False, 'banner': None, 'owner_id': '525334420467744768', 'roles': [{'position': 0, 'permissions_new': '104324673', 'permissions': 104324673, 'name': '@everyone', 'mentionable': False, 'managed': False, 'id': '688643708513812498', 'hoist': False, 'color': 0}, {'tags': {'bot_id': '574652751745777665'}, 'position': 1, 'permissions_new': '313344', 'permissions': 313344, 'name': 'VirtualFisher', 'mentionable': False, 'managed': True, 'id': '789772862814289920', 'hoist': False, 'color': 0}, {'tags': {'bot_id': '794575761952604230'}, 'position': 1, 'permissions_new': '1849551937', 'permissions': 1849551937, 'name': 'HackersEncyclopedia', 'mentionable': False, 'managed': True, 'id': '794577652148076555', 'hoist': False, 'color': 0}], 'mfa_level': 0, 'member_count': 3, 'premium_tier': 0, 'default_message_notifications': 0, 'vanity_url_code': None, 'lazy': True, 'threads': [], 'guild_hashes': {'version': 1, 'roles': {'omitted': False, 'hash': '2ihtNQfFrBI'}, 'metadata': {'omitted': False, 'hash': 'KH8Ggz3TMJQ'}, 'channels': {'omitted': False, 'hash': 'P/F7B6ceeDA'}}, 'id': '688643708513812498', 'max_video_channel_users': 25, 'icon': None, 'discovery_splash': None}}
2021-01-15 22:32:20,452:DEBUG:discord.client: Dispatching event socket_response
2021-01-15 22:32:20,452:DEBUG:discord.client: Dispatching event guild_available
2021-01-15 22:32:22,452:DEBUG:discord.client: Dispatching event ready
2021-01-15 22:32:22,452:DEBUG:discord.gateway: Sending "{"op":3,"d":{"game":null,"afk":false,"since":0.0,"status":"online"}}" to change status
2021-01-15 22:32:22,452:DEBUG:discord.client: Dispatching event socket_raw_send
2021-01-15 22:33:01,263:DEBUG:discord.gateway: Keeping shard ID None websocket alive with sequence 2.
2021-01-15 22:33:01,263:DEBUG:discord.client: Dispatching event socket_raw_send
2021-01-15 22:33:01,628:DEBUG:discord.client: Dispatching event socket_raw_receive
2021-01-15 22:33:01,629:DEBUG:discord.gateway: For Shard ID None: WebSocket Event: {'t': None, 's': None, 'op': 11, 'd': None}
2021-01-15 22:33:01,629:DEBUG:discord.client: Dispatching event socket_response
2021-01-15 22:33:42,514:DEBUG:discord.gateway: Keeping shard ID None websocket alive with sequence 2.
2021-01-15 22:33:42,514:DEBUG:discord.client: Dispatching event socket_raw_send
2021-01-15 22:33:43,359:DEBUG:discord.client: Dispatching event socket_raw_receive
2021-01-15 22:33:43,359:DEBUG:discord.gateway: For Shard ID None: WebSocket Event: {'t': None, 's': None, 'op': 11, 'd': None}
2021-01-15 22:33:43,359:DEBUG:discord.client: Dispatching event socket_response
2021-01-15 22:34:23,766:DEBUG:discord.gateway: Keeping shard ID None websocket alive with sequence 2.
2021-01-15 22:34:23,766:DEBUG:discord.client: Dispatching event socket_raw_send
2021-01-15 22:34:24,157:DEBUG:discord.client: Dispatching event socket_raw_receive
2021-01-15 22:34:24,157:DEBUG:discord.gateway: For Shard ID None: WebSocket Event: {'t': None, 's': None, 'op': 11, 'd': None}
2021-01-15 22:34:24,158:DEBUG:discord.client: Dispatching event socket_response
2021-01-15 22:35:05,017:DEBUG:discord.gateway: Keeping shard ID None websocket alive with sequence 2.
2021-01-15 22:35:05,017:DEBUG:discord.client: Dispatching event socket_raw_send
2021-01-15 22:35:05,392:DEBUG:discord.client: Dispatching event socket_raw_receive
2021-01-15 22:35:05,392:DEBUG:discord.gateway: For Shard ID None: WebSocket Event: {'t': None, 's': None, 'op': 11, 'd': None}
2021-01-15 22:35:05,392:DEBUG:discord.client: Dispatching event socket_response
2021-01-15 22:35:11,937:DEBUG:discord.client: Dispatching event socket_raw_receive
2021-01-15 22:35:11,937:DEBUG:discord.gateway: For Shard ID None: WebSocket Event: {'t': 'TYPING_START', 's': 3, 'op': 0, 'd': {'user_id': '525334420467744768', 'timestamp': 1610724908, 'member': {'user': {'username': 'Ame', 'public_flags': 128, 'id': '525334420467744768', 'discriminator': '7906', 'avatar': '7f3467c90b97e273329eda04113fecef'}, 'roles': [], 'mute': False, 'joined_at': '2020-03-15T07:04:14.512000+00:00', 'hoisted_role': None, 'deaf': False}, 'channel_id': '688643708513812648', 'guild_id': '688643708513812498'}}
2021-01-15 22:35:11,937:DEBUG:discord.client: Dispatching event socket_response
2021-01-15 22:35:12,548:DEBUG:discord.client: Dispatching event socket_raw_receive
2021-01-15 22:35:12,548:DEBUG:discord.gateway: For Shard ID None: WebSocket Event: {'t': 'MESSAGE_CREATE', 's': 4, 'op': 0, 'd': {'type': 0, 'tts': False, 'timestamp': '2021-01-15T15:35:10.066000+00:00', 'referenced_message': None, 'pinned': False, 'nonce': '799662982794575872', 'mentions': [], 'mention_roles': [], 'mention_everyone': False, 'member': {'roles': [], 'mute': False, 'joined_at': '2020-03-15T07:04:14.512000+00:00', 'hoisted_role': None, 'deaf': False}, 'id': '799662974188781608', 'flags': 0, 'embeds': [], 'edited_timestamp': None, 'content': 'Alexa info node aihawk 21', 'channel_id': '688643708513812648', 'author': {'username': 'Ame', 'public_flags': 128, 'id': '525334420467744768', 'discriminator': '7906', 'avatar': '7f3467c90b97e273329eda04113fecef'}, 'attachments': [], 'guild_id': '688643708513812498'}}
2021-01-15 22:35:12,548:DEBUG:discord.client: Dispatching event socket_response
2021-01-15 22:35:12,548:DEBUG:discord.client: Dispatching event message
2021-01-15 22:35:12,548:DEBUG:discord.client: Dispatching event command
2021-01-15 22:35:14,754:DEBUG:discord.http: POST https://discord.com/api/v7/channels/688643708513812648/messages with {"embed":{"footer":{"text":"Requested by Ame#7906","icon_url":"https://cdn.discordapp.com/avatars/525334420467744768/7f3467c90b97e273329eda04113fecef.webp?size=1024"},"image":{"url":"https://static.wikia.nocookie.net/hackersthegame/images/7/70/Hawk_19-21.png/revision/latest/scale-to-width-down/190?cb=20180519143439"},"fields":[{"inline":true,"name":"Stats of Aihawk at level 21:","value":"**NodeFirewall**: 2,230\n**Strength(DPS)**: 482\n**Damage(perhit)**: 241\n**UpgradeCost**: $16,000,000\n**ExperienceGained**: 6,000\n**CompletionTime**: 336Hours\n**RequiredCoreLevel**: 13\n**RevivalPrice**: 2,000\n"}],"color":65280,"type":"rich"}} has returned 200
2021-01-15 22:35:14,778:DEBUG:discord.client: Dispatching event socket_raw_receive
2021-01-15 22:35:14,778:DEBUG:discord.gateway: For Shard ID None: WebSocket Event: {'t': 'MESSAGE_CREATE', 's': 5, 'op': 0, 'd': {'type': 0, 'tts': False, 'timestamp': '2021-01-15T15:35:12.305000+00:00', 'referenced_message': None, 'pinned': False, 'mentions': [], 'mention_roles': [], 'mention_everyone': False, 'member': {'roles': ['794577652148076555'], 'premium_since': None, 'pending': False, 'nick': None, 'mute': False, 'joined_at': '2021-01-01T14:47:54.867277+00:00', 'is_pending': False, 'hoisted_role': None, 'deaf': False}, 'id': '799662983579959316', 'flags': 0, 'embeds': [{'type': 'rich', 'image': {'width': 0, 'url': 'https://static.wikia.nocookie.net/hackersthegame/images/7/70/Hawk_19-21.png/revision/latest/scale-to-width-down/190?cb=20180519143439', 'proxy_url': 'https://images-ext-2.discordapp.net/external/eXz18zfUOkN5hkY-IN_r4N-u8FuSPYoabWe-KAY6Zwc/%3Fcb%3D20180519143439/https/static.wikia.nocookie.net/hackersthegame/images/7/70/Hawk_19-21.png/revision/latest/scale-to-width-down/190', 'height': 0}, 'footer': {'text': 'Requested by Ame#7906', 'proxy_icon_url': 'https://images-ext-1.discordapp.net/external/GCSohzLCo9xDx6DBKlYfvxHaOAItfcTqEDRmJDdRHWA/%3Fsize%3D1024/https/cdn.discordapp.com/avatars/525334420467744768/7f3467c90b97e273329eda04113fecef.webp', 'icon_url': 'https://cdn.discordapp.com/avatars/525334420467744768/7f3467c90b97e273329eda04113fecef.webp?size=1024'}, 'fields': [{'value': '**NodeFirewall**: 2,230\n**Strength(DPS)**: 482\n**Damage(perhit)**: 241\n**UpgradeCost**: $16,000,000\n**ExperienceGained**: 6,000\n**CompletionTime**: 336Hours\n**RequiredCoreLevel**: 13\n**RevivalPrice**: 2,000', 'name': 'Stats of Aihawk at level 21:', 'inline': True}], 'color': 65280}], 'edited_timestamp': None, 'content': '', 'channel_id': '688643708513812648', 'author': {'username': 'HackersEncyclopedia', 'public_flags': 0, 'id': '794575761952604230', 'discriminator': '2117', 'bot': True, 'avatar': 'b2f7c0cdebdb65154b6f343be93e6404'}, 'attachments': [], 'guild_id': '688643708513812498'}}
2021-01-15 22:35:14,778:DEBUG:discord.client: Dispatching event socket_response
2021-01-15 22:35:14,778:DEBUG:discord.client: Dispatching event message
2021-01-15 22:35:14,846:DEBUG:discord.client: Dispatching event socket_raw_receive
2021-01-15 22:35:14,846:DEBUG:discord.gateway: For Shard ID None: WebSocket Event: {'t': 'MESSAGE_UPDATE', 's': 6, 'op': 0, 'd': {'id': '799662983579959316', 'embeds': [{'type': 'rich', 'image': {'width': 190, 'url': 'https://static.wikia.nocookie.net/hackersthegame/images/7/70/Hawk_19-21.png/revision/latest/scale-to-width-down/190?cb=20180519143439', 'proxy_url': 'https://images-ext-2.discordapp.net/external/eXz18zfUOkN5hkY-IN_r4N-u8FuSPYoabWe-KAY6Zwc/%3Fcb%3D20180519143439/https/static.wikia.nocookie.net/hackersthegame/images/7/70/Hawk_19-21.png/revision/latest/scale-to-width-down/190', 'height': 87}, 'footer': {'text': 'Requested by Ame#7906', 'proxy_icon_url': 'https://images-ext-1.discordapp.net/external/GCSohzLCo9xDx6DBKlYfvxHaOAItfcTqEDRmJDdRHWA/%3Fsize%3D1024/https/cdn.discordapp.com/avatars/525334420467744768/7f3467c90b97e273329eda04113fecef.webp', 'icon_url': 'https://cdn.discordapp.com/avatars/525334420467744768/7f3467c90b97e273329eda04113fecef.webp?size=1024'}, 'fields': [{'value': '**NodeFirewall**: 2,230\n**Strength(DPS)**: 482\n**Damage(perhit)**: 241\n**UpgradeCost**: $16,000,000\n**ExperienceGained**: 6,000\n**CompletionTime**: 336Hours\n**RequiredCoreLevel**: 13\n**RevivalPrice**: 2,000', 'name': 'Stats of Aihawk at level 21:', 'inline': True}], 'color': 65280}], 'channel_id': '688643708513812648', 'guild_id': '688643708513812498'}}
2021-01-15 22:35:14,846:DEBUG:discord.client: Dispatching event socket_response
2021-01-15 22:35:14,846:DEBUG:discord.client: Dispatching event raw_message_edit
2021-01-15 22:35:14,847:DEBUG:discord.client: Dispatching event message_edit
2021-01-15 22:35:15,914:DEBUG:discord.http: POST https://discord.com/api/v7/channels/688643708513812648/messages has received {'id': '799662983579959316', 'type': 0, 'content': '', 'channel_id': '688643708513812648', 'author': {'id': '794575761952604230', 'username': 'HackersEncyclopedia', 'avatar': 'b2f7c0cdebdb65154b6f343be93e6404', 'discriminator': '2117', 'public_flags': 0, 'bot': True}, 'attachments': [], 'embeds': [{'type': 'rich', 'color': 65280, 'fields': [{'name': 'Stats of Aihawk at level 21:', 'value': '**NodeFirewall**: 2,230\n**Strength(DPS)**: 482\n**Damage(perhit)**: 241\n**UpgradeCost**: $16,000,000\n**ExperienceGained**: 6,000\n**CompletionTime**: 336Hours\n**RequiredCoreLevel**: 13\n**RevivalPrice**: 2,000', 'inline': True}], 'image': {'url': 'https://static.wikia.nocookie.net/hackersthegame/images/7/70/Hawk_19-21.png/revision/latest/scale-to-width-down/190?cb=20180519143439', 'proxy_url': 'https://images-ext-2.discordapp.net/external/eXz18zfUOkN5hkY-IN_r4N-u8FuSPYoabWe-KAY6Zwc/%3Fcb%3D20180519143439/https/static.wikia.nocookie.net/hackersthegame/images/7/70/Hawk_19-21.png/revision/latest/scale-to-width-down/190', 'width': 0, 'height': 0}, 'footer': {'text': 'Requested by Ame#7906', 'icon_url': 'https://cdn.discordapp.com/avatars/525334420467744768/7f3467c90b97e273329eda04113fecef.webp?size=1024', 'proxy_icon_url': 'https://images-ext-1.discordapp.net/external/GCSohzLCo9xDx6DBKlYfvxHaOAItfcTqEDRmJDdRHWA/%3Fsize%3D1024/https/cdn.discordapp.com/avatars/525334420467744768/7f3467c90b97e273329eda04113fecef.webp'}}], 'mentions': [], 'mention_roles': [], 'pinned': False, 'mention_everyone': False, 'tts': False, 'timestamp': '2021-01-15T15:35:12.305000+00:00', 'edited_timestamp': None, 'flags': 0, 'referenced_message': None}
2021-01-15 22:35:15,914:DEBUG:discord.client: Dispatching event command_completion
2021-01-15 22:35:46,268:DEBUG:discord.gateway: Keeping shard ID None websocket alive with sequence 6.
2021-01-15 22:35:46,268:DEBUG:discord.client: Dispatching event socket_raw_send
2021-01-15 22:35:48,342:DEBUG:discord.client: Dispatching event socket_raw_receive
2021-01-15 22:35:48,342:DEBUG:discord.gateway: For Shard ID None: WebSocket Event: {'t': None, 's': None, 'op': 11, 'd': None}
2021-01-15 22:35:48,342:DEBUG:discord.client: Dispatching event socket_response
2021-01-15 22:36:27,519:DEBUG:discord.gateway: Keeping shard ID None websocket alive with sequence 6.
2021-01-15 22:36:27,519:DEBUG:discord.client: Dispatching event socket_raw_send
2021-01-15 22:36:27,873:DEBUG:discord.client: Dispatching event socket_raw_receive
2021-01-15 22:36:27,873:DEBUG:discord.gateway: For Shard ID None: WebSocket Event: {'t': None, 's': None, 'op': 11, 'd': None}
2021-01-15 22:36:27,873:DEBUG:discord.client: Dispatching event socket_response
2021-01-15 22:37:08,771:DEBUG:discord.gateway: Keeping shard ID None websocket alive with sequence 6.
2021-01-15 22:37:08,771:DEBUG:discord.client: Dispatching event socket_raw_send
2021-01-15 22:37:09,132:DEBUG:discord.client: Dispatching event socket_raw_receive
2021-01-15 22:37:09,132:DEBUG:discord.gateway: For Shard ID None: WebSocket Event: {'t': None, 's': None, 'op': 11, 'd': None}
2021-01-15 22:37:09,133:DEBUG:discord.client: Dispatching event socket_response
2021-01-15 22:37:50,022:DEBUG:discord.gateway: Keeping shard ID None websocket alive with sequence 6.
2021-01-15 22:37:50,022:DEBUG:discord.client: Dispatching event socket_raw_send
2021-01-15 22:37:52,053:DEBUG:discord.client: Dispatching event socket_raw_receive
2021-01-15 22:37:52,053:DEBUG:discord.gateway: For Shard ID None: WebSocket Event: {'t': None, 's': None, 'op': 11, 'd': None}
2021-01-15 22:37:52,053:DEBUG:discord.client: Dispatching event socket_response
2021-01-15 22:38:31,273:DEBUG:discord.gateway: Keeping shard ID None websocket alive with sequence 6.
2021-01-15 22:38:31,273:DEBUG:discord.client: Dispatching event socket_raw_send
2021-01-15 22:38:31,637:DEBUG:discord.client: Dispatching event socket_raw_receive
2021-01-15 22:38:31,637:DEBUG:discord.gateway: For Shard ID None: WebSocket Event: {'t': None, 's': None, 'op': 11, 'd': None}
2021-01-15 22:38:31,637:DEBUG:discord.client: Dispatching event socket_response
2021-01-15 22:39:12,525:DEBUG:discord.gateway: Keeping shard ID None websocket alive with sequence 6.
2021-01-15 22:39:12,525:DEBUG:discord.client: Dispatching event socket_raw_send
2021-01-15 22:39:14,558:DEBUG:discord.client: Dispatching event socket_raw_receive
2021-01-15 22:39:14,558:DEBUG:discord.gateway: For Shard ID None: WebSocket Event: {'t': None, 's': None, 'op': 11, 'd': None}
2021-01-15 22:39:14,558:DEBUG:discord.client: Dispatching event socket_response
2021-01-15 22:39:53,776:DEBUG:discord.gateway: Keeping shard ID None websocket alive with sequence 6.
2021-01-15 22:39:53,776:DEBUG:discord.client: Dispatching event socket_raw_send
2021-01-15 22:39:54,087:DEBUG:discord.client: Dispatching event socket_raw_receive
2021-01-15 22:39:54,087:DEBUG:discord.gateway: For Shard ID None: WebSocket Event: {'t': None, 's': None, 'op': 11, 'd': None}
2021-01-15 22:39:54,087:DEBUG:discord.client: Dispatching event socket_response
2021-01-15 22:40:35,027:DEBUG:discord.gateway: Keeping shard ID None websocket alive with sequence 6.
2021-01-15 22:40:35,027:DEBUG:discord.client: Dispatching event socket_raw_send
2021-01-15 22:40:35,791:DEBUG:discord.client: Dispatching event socket_raw_receive
2021-01-15 22:40:35,791:DEBUG:discord.gateway: For Shard ID None: WebSocket Event: {'t': None, 's': None, 'op': 11, 'd': None}
2021-01-15 22:40:35,791:DEBUG:discord.client: Dispatching event socket_response
2021-01-15 22:41:16,279:DEBUG:discord.gateway: Keeping shard ID None websocket alive with sequence 6.
2021-01-15 22:41:16,279:DEBUG:discord.client: Dispatching event socket_raw_send
2021-01-15 22:41:16,652:DEBUG:discord.client: Dispatching event socket_raw_receive
2021-01-15 22:41:16,652:DEBUG:discord.gateway: For Shard ID None: WebSocket Event: {'t': None, 's': None, 'op': 11, 'd': None}
2021-01-15 22:41:16,653:DEBUG:discord.client: Dispatching event socket_response
2021-01-15 22:41:57,531:DEBUG:discord.gateway: Keeping shard ID None websocket alive with sequence 6.
2021-01-15 22:41:57,531:DEBUG:discord.client: Dispatching event socket_raw_send
2021-01-15 22:41:58,230:DEBUG:discord.client: Dispatching event socket_raw_receive
2021-01-15 22:41:58,230:DEBUG:discord.gateway: For Shard ID None: WebSocket Event: {'t': None, 's': None, 'op': 11, 'd': None}
2021-01-15 22:41:58,230:DEBUG:discord.client: Dispatching event socket_response
2021-01-15 22:42:38,782:DEBUG:discord.gateway: Keeping shard ID None websocket alive with sequence 6.
2021-01-15 22:42:38,782:DEBUG:discord.client: Dispatching event socket_raw_send
2021-01-15 22:42:40,298:DEBUG:discord.client: Dispatching event socket_raw_receive
2021-01-15 22:42:40,299:DEBUG:discord.gateway: For Shard ID None: WebSocket Event: {'t': None, 's': None, 'op': 11, 'd': None}
2021-01-15 22:42:40,299:DEBUG:discord.client: Dispatching event socket_response
2021-01-15 22:43:20,033:DEBUG:discord.gateway: Keeping shard ID None websocket alive with sequence 6.
2021-01-15 22:43:20,034:DEBUG:discord.client: Dispatching event socket_raw_send
2021-01-15 22:43:20,321:DEBUG:discord.client: Dispatching event socket_raw_receive
2021-01-15 22:43:20,322:DEBUG:discord.gateway: For Shard ID None: WebSocket Event: {'t': None, 's': None, 'op': 11, 'd': None}
2021-01-15 22:43:20,322:DEBUG:discord.client: Dispatching event socket_response
2021-01-15 22:44:01,286:DEBUG:discord.gateway: Keeping shard ID None websocket alive with sequence 6.
2021-01-15 22:44:01,286:DEBUG:discord.client: Dispatching event socket_raw_send
2021-01-15 22:44:01,961:DEBUG:discord.client: Dispatching event socket_raw_receive
2021-01-15 22:44:01,962:DEBUG:discord.gateway: For Shard ID None: WebSocket Event: {'t': None, 's': None, 'op': 11, 'd': None}
2021-01-15 22:44:01,962:DEBUG:discord.client: Dispatching event socket_response
2021-01-15 22:44:42,537:DEBUG:discord.gateway: Keeping shard ID None websocket alive with sequence 6.
2021-01-15 22:44:42,537:DEBUG:discord.client: Dispatching event socket_raw_send
2021-01-15 22:44:42,843:DEBUG:discord.client: Dispatching event socket_raw_receive
2021-01-15 22:44:42,843:DEBUG:discord.gateway: For Shard ID None: WebSocket Event: {'t': None, 's': None, 'op': 11, 'd': None}
2021-01-15 22:44:42,843:DEBUG:discord.client: Dispatching event socket_response
2021-01-15 22:45:23,788:DEBUG:discord.gateway: Keeping shard ID None websocket alive with sequence 6.
2021-01-15 22:45:23,788:DEBUG:discord.client: Dispatching event socket_raw_send
2021-01-15 22:45:24,111:DEBUG:discord.client: Dispatching event socket_raw_receive
2021-01-15 22:45:24,111:DEBUG:discord.gateway: For Shard ID None: WebSocket Event: {'t': None, 's': None, 'op': 11, 'd': None}
2021-01-15 22:45:24,112:DEBUG:discord.client: Dispatching event socket_response
2021-01-15 22:46:05,038:DEBUG:discord.gateway: Keeping shard ID None websocket alive with sequence 6.
2021-01-15 22:46:05,039:DEBUG:discord.client: Dispatching event socket_raw_send
2021-01-15 22:46:05,717:DEBUG:discord.client: Dispatching event socket_raw_receive
2021-01-15 22:46:05,717:DEBUG:discord.gateway: For Shard ID None: WebSocket Event: {'t': None, 's': None, 'op': 11, 'd': None}
2021-01-15 22:46:05,717:DEBUG:discord.client: Dispatching event socket_response
2021-01-15 22:46:46,291:DEBUG:discord.gateway: Keeping shard ID None websocket alive with sequence 6.
2021-01-15 22:46:46,291:DEBUG:discord.client: Dispatching event socket_raw_send
2021-01-15 22:46:46,571:DEBUG:discord.client: Dispatching event socket_raw_receive
2021-01-15 22:46:46,572:DEBUG:discord.gateway: For Shard ID None: WebSocket Event: {'t': None, 's': None, 'op': 11, 'd': None}
2021-01-15 22:46:46,572:DEBUG:discord.client: Dispatching event socket_response
2021-01-15 22:47:27,542:DEBUG:discord.gateway: Keeping shard ID None websocket alive with sequence 6.
2021-01-15 22:47:27,544:DEBUG:discord.client: Dispatching event socket_raw_send
2021-01-15 22:47:27,879:DEBUG:discord.client: Dispatching event socket_raw_receive
2021-01-15 22:47:27,879:DEBUG:discord.gateway: For Shard ID None: WebSocket Event: {'t': None, 's': None, 'op': 11, 'd': None}
2021-01-15 22:47:27,879:DEBUG:discord.client: Dispatching event socket_response
2021-01-15 22:48:08,795:DEBUG:discord.gateway: Keeping shard ID None websocket alive with sequence 6.
2021-01-15 22:48:08,795:DEBUG:discord.client: Dispatching event socket_raw_send
2021-01-15 22:48:09,087:DEBUG:discord.client: Dispatching event socket_raw_receive
2021-01-15 22:48:09,087:DEBUG:discord.gateway: For Shard ID None: WebSocket Event: {'t': None, 's': None, 'op': 11, 'd': None}
2021-01-15 22:48:09,087:DEBUG:discord.client: Dispatching event socket_response
2021-01-15 22:48:50,046:DEBUG:discord.gateway: Keeping shard ID None websocket alive with sequence 6.
2021-01-15 22:48:50,046:DEBUG:discord.client: Dispatching event socket_raw_send
2021-01-15 22:48:50,351:DEBUG:discord.client: Dispatching event socket_raw_receive
2021-01-15 22:48:50,351:DEBUG:discord.gateway: For Shard ID None: WebSocket Event: {'t': None, 's': None, 'op': 11, 'd': None}
2021-01-15 22:48:50,351:DEBUG:discord.client: Dispatching event socket_response
2021-01-15 22:49:31,297:DEBUG:discord.gateway: Keeping shard ID None websocket alive with sequence 6.
2021-01-15 22:49:31,297:DEBUG:discord.client: Dispatching event socket_raw_send
2021-01-15 22:49:31,577:DEBUG:discord.client: Dispatching event socket_raw_receive
2021-01-15 22:49:31,577:DEBUG:discord.gateway: For Shard ID None: WebSocket Event: {'t': None, 's': None, 'op': 11, 'd': None}
2021-01-15 22:49:31,577:DEBUG:discord.client: Dispatching event socket_response
2021-01-15 22:50:12,547:DEBUG:discord.gateway: Keeping shard ID None websocket alive with sequence 6.
2021-01-15 22:50:12,548:DEBUG:discord.client: Dispatching event socket_raw_send
2021-01-15 22:50:12,863:DEBUG:discord.client: Dispatching event socket_raw_receive
2021-01-15 22:50:12,864:DEBUG:discord.gateway: For Shard ID None: WebSocket Event: {'t': None, 's': None, 'op': 11, 'd': None}
2021-01-15 22:50:12,864:DEBUG:discord.client: Dispatching event socket_response
2021-01-15 22:50:53,800:DEBUG:discord.gateway: Keeping shard ID None websocket alive with sequence 6.
2021-01-15 22:50:53,800:DEBUG:discord.client: Dispatching event socket_raw_send
2021-01-15 22:50:54,091:DEBUG:discord.client: Dispatching event socket_raw_receive
2021-01-15 22:50:54,093:DEBUG:discord.gateway: For Shard ID None: WebSocket Event: {'t': None, 's': None, 'op': 11, 'd': None}
2021-01-15 22:50:54,093:DEBUG:discord.client: Dispatching event socket_response
2021-01-15 22:51:35,051:DEBUG:discord.gateway: Keeping shard ID None websocket alive with sequence 6.
2021-01-15 22:51:35,051:DEBUG:discord.client: Dispatching event socket_raw_send
2021-01-15 22:51:35,343:DEBUG:discord.client: Dispatching event socket_raw_receive
2021-01-15 22:51:35,343:DEBUG:discord.gateway: For Shard ID None: WebSocket Event: {'t': None, 's': None, 'op': 11, 'd': None}
2021-01-15 22:51:35,343:DEBUG:discord.client: Dispatching event socket_response
2021-01-15 22:52:16,302:DEBUG:discord.gateway: Keeping shard ID None websocket alive with sequence 6.
2021-01-15 22:52:16,302:DEBUG:discord.client: Dispatching event socket_raw_send
2021-01-15 22:52:16,932:DEBUG:discord.client: Dispatching event socket_raw_receive
2021-01-15 22:52:16,932:DEBUG:discord.gateway: For Shard ID None: WebSocket Event: {'t': None, 's': None, 'op': 11, 'd': None}
2021-01-15 22:52:16,932:DEBUG:discord.client: Dispatching event socket_response
2021-01-15 22:52:57,553:DEBUG:discord.gateway: Keeping shard ID None websocket alive with sequence 6.
2021-01-15 22:52:57,553:DEBUG:discord.client: Dispatching event socket_raw_send
2021-01-15 22:52:58,196:DEBUG:discord.client: Dispatching event socket_raw_receive
2021-01-15 22:52:58,196:DEBUG:discord.gateway: For Shard ID None: WebSocket Event: {'t': None, 's': None, 'op': 11, 'd': None}
2021-01-15 22:52:58,196:DEBUG:discord.client: Dispatching event socket_response
2021-01-15 22:53:38,805:DEBUG:discord.gateway: Keeping shard ID None websocket alive with sequence 6.
2021-01-15 22:53:38,805:DEBUG:discord.client: Dispatching event socket_raw_send
2021-01-15 22:53:39,575:DEBUG:discord.client: Dispatching event socket_raw_receive
2021-01-15 22:53:39,575:DEBUG:discord.gateway: For Shard ID None: WebSocket Event: {'t': None, 's': None, 'op': 11, 'd': None}
2021-01-15 22:53:39,576:DEBUG:discord.client: Dispatching event socket_response
2021-01-15 22:54:20,055:DEBUG:discord.gateway: Keeping shard ID None websocket alive with sequence 6.
2021-01-15 22:54:20,055:DEBUG:discord.client: Dispatching event socket_raw_send
2021-01-15 22:54:20,340:DEBUG:discord.client: Dispatching event socket_raw_receive
2021-01-15 22:54:20,340:DEBUG:discord.gateway: For Shard ID None: WebSocket Event: {'t': None, 's': None, 'op': 11, 'd': None}
2021-01-15 22:54:20,340:DEBUG:discord.client: Dispatching event socket_response
2021-01-15 22:55:01,317:DEBUG:discord.gateway: Keeping shard ID None websocket alive with sequence 6.
2021-01-15 22:55:01,318:DEBUG:discord.client: Dispatching event socket_raw_send
2021-01-15 22:55:01,621:DEBUG:discord.client: Dispatching event socket_raw_receive
2021-01-15 22:55:01,621:DEBUG:discord.gateway: For Shard ID None: WebSocket Event: {'t': None, 's': None, 'op': 11, 'd': None}
2021-01-15 22:55:01,622:DEBUG:discord.client: Dispatching event socket_response
2021-01-15 22:55:42,570:DEBUG:discord.gateway: Keeping shard ID None websocket alive with sequence 6.
2021-01-15 22:55:42,570:DEBUG:discord.client: Dispatching event socket_raw_send
2021-01-15 22:55:43,248:DEBUG:discord.client: Dispatching event socket_raw_receive
2021-01-15 22:55:43,248:DEBUG:discord.gateway: For Shard ID None: WebSocket Event: {'t': None, 's': None, 'op': 11, 'd': None}
2021-01-15 22:55:43,248:DEBUG:discord.client: Dispatching event socket_response
2021-01-15 22:56:23,821:DEBUG:discord.gateway: Keeping shard ID None websocket alive with sequence 6.
2021-01-15 22:56:23,821:DEBUG:discord.client: Dispatching event socket_raw_send
2021-01-15 22:56:24,101:DEBUG:discord.client: Dispatching event socket_raw_receive
2021-01-15 22:56:24,101:DEBUG:discord.gateway: For Shard ID None: WebSocket Event: {'t': None, 's': None, 'op': 11, 'd': None}
2021-01-15 22:56:24,102:DEBUG:discord.client: Dispatching event socket_response
2021-01-15 22:57:05,082:DEBUG:discord.gateway: Keeping shard ID None websocket alive with sequence 6.
2021-01-15 22:57:05,089:DEBUG:discord.client: Dispatching event socket_raw_send
2021-01-15 22:57:05,352:DEBUG:discord.client: Dispatching event socket_raw_receive
2021-01-15 22:57:05,353:DEBUG:discord.gateway: For Shard ID None: WebSocket Event: {'t': None, 's': None, 'op': 11, 'd': None}
2021-01-15 22:57:05,353:DEBUG:discord.client: Dispatching event socket_response
2021-01-15 22:57:46,352:DEBUG:discord.gateway: Keeping shard ID None websocket alive with sequence 6.
2021-01-15 22:57:46,353:DEBUG:discord.client: Dispatching event socket_raw_send
2021-01-15 22:57:46,620:DEBUG:discord.client: Dispatching event socket_raw_receive
2021-01-15 22:57:46,620:DEBUG:discord.gateway: For Shard ID None: WebSocket Event: {'t': None, 's': None, 'op': 11, 'd': None}
2021-01-15 22:57:46,621:DEBUG:discord.client: Dispatching event socket_response
2021-01-15 22:58:27,605:DEBUG:discord.gateway: Keeping shard ID None websocket alive with sequence 6.
2021-01-15 22:58:27,606:DEBUG:discord.client: Dispatching event socket_raw_send
2021-01-15 22:58:27,917:DEBUG:discord.client: Dispatching event socket_raw_receive
2021-01-15 22:58:27,917:DEBUG:discord.gateway: For Shard ID None: WebSocket Event: {'t': None, 's': None, 'op': 11, 'd': None}
2021-01-15 22:58:27,918:DEBUG:discord.client: Dispatching event socket_response
2021-01-15 22:59:08,857:DEBUG:discord.gateway: Keeping shard ID None websocket alive with sequence 6.
2021-01-15 22:59:08,858:DEBUG:discord.client: Dispatching event socket_raw_send
2021-01-15 22:59:09,128:DEBUG:discord.client: Dispatching event socket_raw_receive
2021-01-15 22:59:09,129:DEBUG:discord.gateway: For Shard ID None: WebSocket Event: {'t': None, 's': None, 'op': 11, 'd': None}
2021-01-15 22:59:09,129:DEBUG:discord.client: Dispatching event socket_response
2021-01-15 22:59:50,110:DEBUG:discord.gateway: Keeping shard ID None websocket alive with sequence 6.
2021-01-15 22:59:50,110:DEBUG:discord.client: Dispatching event socket_raw_send
2021-01-15 22:59:50,398:DEBUG:discord.client: Dispatching event socket_raw_receive
2021-01-15 22:59:50,399:DEBUG:discord.gateway: For Shard ID None: WebSocket Event: {'t': None, 's': None, 'op': 11, 'd': None}
2021-01-15 22:59:50,399:DEBUG:discord.client: Dispatching event socket_response
2021-01-15 23:00:31,360:DEBUG:discord.gateway: Keeping shard ID None websocket alive with sequence 6.
2021-01-15 23:00:31,361:DEBUG:discord.client: Dispatching event socket_raw_send
2021-01-15 23:00:31,655:DEBUG:discord.client: Dispatching event socket_raw_receive
2021-01-15 23:00:31,655:DEBUG:discord.gateway: For Shard ID None: WebSocket Event: {'t': None, 's': None, 'op': 11, 'd': None}
2021-01-15 23:00:31,655:DEBUG:discord.client: Dispatching event socket_response
2021-01-15 23:01:12,613:DEBUG:discord.gateway: Keeping shard ID None websocket alive with sequence 6.
2021-01-15 23:01:12,613:DEBUG:discord.client: Dispatching event socket_raw_send
2021-01-15 23:01:12,898:DEBUG:discord.client: Dispatching event socket_raw_receive
2021-01-15 23:01:12,898:DEBUG:discord.gateway: For Shard ID None: WebSocket Event: {'t': None, 's': None, 'op': 11, 'd': None}
2021-01-15 23:01:12,899:DEBUG:discord.client: Dispatching event socket_response
2021-01-15 23:01:53,864:DEBUG:discord.gateway: Keeping shard ID None websocket alive with sequence 6.
2021-01-15 23:01:53,865:DEBUG:discord.client: Dispatching event socket_raw_send
2021-01-15 23:01:54,121:DEBUG:discord.client: Dispatching event socket_raw_receive
2021-01-15 23:01:54,121:DEBUG:discord.gateway: For Shard ID None: WebSocket Event: {'t': None, 's': None, 'op': 11, 'd': None}
2021-01-15 23:01:54,121:DEBUG:discord.client: Dispatching event socket_response
2021-01-15 23:02:35,117:DEBUG:discord.gateway: Keeping shard ID None websocket alive with sequence 6.
2021-01-15 23:02:35,118:DEBUG:discord.client: Dispatching event socket_raw_send
2021-01-15 23:02:35,426:DEBUG:discord.client: Dispatching event socket_raw_receive
2021-01-15 23:02:35,426:DEBUG:discord.gateway: For Shard ID None: WebSocket Event: {'t': None, 's': None, 'op': 11, 'd': None}
2021-01-15 23:02:35,426:DEBUG:discord.client: Dispatching event socket_response
2021-01-15 23:03:16,413:DEBUG:discord.gateway: Keeping shard ID None websocket alive with sequence 6.
2021-01-15 23:03:16,415:DEBUG:discord.client: Dispatching event socket_raw_send
2021-01-15 23:03:16,688:DEBUG:discord.client: Dispatching event socket_raw_receive
2021-01-15 23:03:16,689:DEBUG:discord.gateway: For Shard ID None: WebSocket Event: {'t': None, 's': None, 'op': 11, 'd': None}
2021-01-15 23:03:16,689:DEBUG:discord.client: Dispatching event socket_response
2021-01-15 23:03:57,667:DEBUG:discord.gateway: Keeping shard ID None websocket alive with sequence 6.
2021-01-15 23:03:57,667:DEBUG:discord.client: Dispatching event socket_raw_send
2021-01-15 23:03:57,931:DEBUG:discord.client: Dispatching event socket_raw_receive
2021-01-15 23:03:57,931:DEBUG:discord.gateway: For Shard ID None: WebSocket Event: {'t': None, 's': None, 'op': 11, 'd': None}
2021-01-15 23:03:57,931:DEBUG:discord.client: Dispatching event socket_response
2021-01-15 23:04:38,918:DEBUG:discord.gateway: Keeping shard ID None websocket alive with sequence 6.
2021-01-15 23:04:38,920:DEBUG:discord.client: Dispatching event socket_raw_send
2021-01-15 23:04:39,199:DEBUG:discord.client: Dispatching event socket_raw_receive
2021-01-15 23:04:39,200:DEBUG:discord.gateway: For Shard ID None: WebSocket Event: {'t': None, 's': None, 'op': 11, 'd': None}
2021-01-15 23:04:39,200:DEBUG:discord.client: Dispatching event socket_response
2021-01-15 23:05:20,172:DEBUG:discord.gateway: Keeping shard ID None websocket alive with sequence 6.
2021-01-15 23:05:20,172:DEBUG:discord.client: Dispatching event socket_raw_send
2021-01-15 23:05:20,441:DEBUG:discord.client: Dispatching event socket_raw_receive
2021-01-15 23:05:20,442:DEBUG:discord.gateway: For Shard ID None: WebSocket Event: {'t': None, 's': None, 'op': 11, 'd': None}
2021-01-15 23:05:20,442:DEBUG:discord.client: Dispatching event socket_response
2021-01-15 23:06:01,424:DEBUG:discord.gateway: Keeping shard ID None websocket alive with sequence 6.
2021-01-15 23:06:01,425:DEBUG:discord.client: Dispatching event socket_raw_send
2021-01-15 23:06:01,708:DEBUG:discord.client: Dispatching event socket_raw_receive
2021-01-15 23:06:01,708:DEBUG:discord.gateway: For Shard ID None: WebSocket Event: {'t': None, 's': None, 'op': 11, 'd': None}
2021-01-15 23:06:01,708:DEBUG:discord.client: Dispatching event socket_response
2021-01-15 23:06:42,675:DEBUG:discord.gateway: Keeping shard ID None websocket alive with sequence 6.
2021-01-15 23:06:42,675:DEBUG:discord.client: Dispatching event socket_raw_send
2021-01-15 23:06:42,940:DEBUG:discord.client: Dispatching event socket_raw_receive
2021-01-15 23:06:42,941:DEBUG:discord.gateway: For Shard ID None: WebSocket Event: {'t': None, 's': None, 'op': 11, 'd': None}
2021-01-15 23:06:42,941:DEBUG:discord.client: Dispatching event socket_response
2021-01-15 23:07:23,926:DEBUG:discord.gateway: Keeping shard ID None websocket alive with sequence 6.
2021-01-15 23:07:23,926:DEBUG:discord.client: Dispatching event socket_raw_send
2021-01-15 23:07:24,197:DEBUG:discord.client: Dispatching event socket_raw_receive
2021-01-15 23:07:24,198:DEBUG:discord.gateway: For Shard ID None: WebSocket Event: {'t': None, 's': None, 'op': 11, 'd': None}
2021-01-15 23:07:24,198:DEBUG:discord.client: Dispatching event socket_response
2021-01-15 23:08:05,178:DEBUG:discord.gateway: Keeping shard ID None websocket alive with sequence 6.
2021-01-15 23:08:05,178:DEBUG:discord.client: Dispatching event socket_raw_send
2021-01-15 23:08:05,458:DEBUG:discord.client: Dispatching event socket_raw_receive
2021-01-15 23:08:05,458:DEBUG:discord.gateway: For Shard ID None: WebSocket Event: {'t': None, 's': None, 'op': 11, 'd': None}
2021-01-15 23:08:05,458:DEBUG:discord.client: Dispatching event socket_response
2021-01-15 23:08:46,429:DEBUG:discord.gateway: Keeping shard ID None websocket alive with sequence 6.
2021-01-15 23:08:46,429:DEBUG:discord.client: Dispatching event socket_raw_send
2021-01-15 23:08:46,691:DEBUG:discord.client: Dispatching event socket_raw_receive
2021-01-15 23:08:46,692:DEBUG:discord.gateway: For Shard ID None: WebSocket Event: {'t': None, 's': None, 'op': 11, 'd': None}
2021-01-15 23:08:46,692:DEBUG:discord.client: Dispatching event socket_response
2021-01-15 23:09:27,681:DEBUG:discord.gateway: Keeping shard ID None websocket alive with sequence 6.
2021-01-15 23:09:27,682:DEBUG:discord.client: Dispatching event socket_raw_send
2021-01-15 23:09:27,986:DEBUG:discord.client: Dispatching event socket_raw_receive
2021-01-15 23:09:27,987:DEBUG:discord.gateway: For Shard ID None: WebSocket Event: {'t': None, 's': None, 'op': 11, 'd': None}
2021-01-15 23:09:27,987:DEBUG:discord.client: Dispatching event socket_response
2021-01-15 23:10:08,933:DEBUG:discord.gateway: Keeping shard ID None websocket alive with sequence 6.
2021-01-15 23:10:08,933:DEBUG:discord.client: Dispatching event socket_raw_send
2021-01-15 23:10:09,207:DEBUG:discord.client: Dispatching event socket_raw_receive
2021-01-15 23:10:09,207:DEBUG:discord.gateway: For Shard ID None: WebSocket Event: {'t': None, 's': None, 'op': 11, 'd': None}
2021-01-15 23:10:09,207:DEBUG:discord.client: Dispatching event socket_response
2021-01-15 23:10:50,183:DEBUG:discord.gateway: Keeping shard ID None websocket alive with sequence 6.
2021-01-15 23:10:50,183:DEBUG:discord.client: Dispatching event socket_raw_send
2021-01-15 23:10:50,478:DEBUG:discord.client: Dispatching event socket_raw_receive
2021-01-15 23:10:50,478:DEBUG:discord.gateway: For Shard ID None: WebSocket Event: {'t': None, 's': None, 'op': 11, 'd': None}
2021-01-15 23:10:50,478:DEBUG:discord.client: Dispatching event socket_response
2021-01-15 23:11:31,434:DEBUG:discord.gateway: Keeping shard ID None websocket alive with sequence 6.
2021-01-15 23:11:31,434:DEBUG:discord.client: Dispatching event socket_raw_send
2021-01-15 23:11:31,715:DEBUG:discord.client: Dispatching event socket_raw_receive
2021-01-15 23:11:31,715:DEBUG:discord.gateway: For Shard ID None: WebSocket Event: {'t': None, 's': None, 'op': 11, 'd': None}
2021-01-15 23:11:31,715:DEBUG:discord.client: Dispatching event socket_response
2021-01-15 23:12:12,685:DEBUG:discord.gateway: Keeping shard ID None websocket alive with sequence 6.
2021-01-15 23:12:12,685:DEBUG:discord.client: Dispatching event socket_raw_send
2021-01-15 23:12:12,933:DEBUG:discord.client: Dispatching event socket_raw_receive
2021-01-15 23:12:12,934:DEBUG:discord.gateway: For Shard ID None: WebSocket Event: {'t': None, 's': None, 'op': 11, 'd': None}
2021-01-15 23:12:12,934:DEBUG:discord.client: Dispatching event socket_response
2021-01-15 23:12:53,936:DEBUG:discord.gateway: Keeping shard ID None websocket alive with sequence 6.
2021-01-15 23:12:53,937:DEBUG:discord.client: Dispatching event socket_raw_send
2021-01-15 23:12:54,200:DEBUG:discord.client: Dispatching event socket_raw_receive
2021-01-15 23:12:54,200:DEBUG:discord.gateway: For Shard ID None: WebSocket Event: {'t': None, 's': None, 'op': 11, 'd': None}
2021-01-15 23:12:54,202:DEBUG:discord.client: Dispatching event socket_response
2021-01-15 23:13:35,189:DEBUG:discord.gateway: Keeping shard ID None websocket alive with sequence 6.
2021-01-15 23:13:35,189:DEBUG:discord.client: Dispatching event socket_raw_send
2021-01-15 23:13:35,453:DEBUG:discord.client: Dispatching event socket_raw_receive
2021-01-15 23:13:35,453:DEBUG:discord.gateway: For Shard ID None: WebSocket Event: {'t': None, 's': None, 'op': 11, 'd': None}
2021-01-15 23:13:35,453:DEBUG:discord.client: Dispatching event socket_response
2021-01-15 23:14:16,442:DEBUG:discord.gateway: Keeping shard ID None websocket alive with sequence 6.
2021-01-15 23:14:16,442:DEBUG:discord.client: Dispatching event socket_raw_send
2021-01-15 23:14:16,696:DEBUG:discord.client: Dispatching event socket_raw_receive
2021-01-15 23:14:16,696:DEBUG:discord.gateway: For Shard ID None: WebSocket Event: {'t': None, 's': None, 'op': 11, 'd': None}
2021-01-15 23:14:16,697:DEBUG:discord.client: Dispatching event socket_response
2021-01-15 23:14:57,693:DEBUG:discord.gateway: Keeping shard ID None websocket alive with sequence 6.
2021-01-15 23:14:57,694:DEBUG:discord.client: Dispatching event socket_raw_send
2021-01-15 23:14:57,937:DEBUG:discord.client: Dispatching event socket_raw_receive
2021-01-15 23:14:57,937:DEBUG:discord.gateway: For Shard ID None: WebSocket Event: {'t': None, 's': None, 'op': 11, 'd': None}
2021-01-15 23:14:57,937:DEBUG:discord.client: Dispatching event socket_response
2021-01-15 23:15:38,945:DEBUG:discord.gateway: Keeping shard ID None websocket alive with sequence 6.
2021-01-15 23:15:38,945:DEBUG:discord.client: Dispatching event socket_raw_send
2021-01-15 23:15:39,198:DEBUG:discord.client: Dispatching event socket_raw_receive
2021-01-15 23:15:39,198:DEBUG:discord.gateway: For Shard ID None: WebSocket Event: {'t': None, 's': None, 'op': 11, 'd': None}
2021-01-15 23:15:39,198:DEBUG:discord.client: Dispatching event socket_response
2021-01-15 23:16:20,197:DEBUG:discord.gateway: Keeping shard ID None websocket alive with sequence 6.
2021-01-15 23:16:20,199:DEBUG:discord.client: Dispatching event socket_raw_send
2021-01-15 23:16:20,453:DEBUG:discord.client: Dispatching event socket_raw_receive
2021-01-15 23:16:20,453:DEBUG:discord.gateway: For Shard ID None: WebSocket Event: {'t': None, 's': None, 'op': 11, 'd': None}
2021-01-15 23:16:20,453:DEBUG:discord.client: Dispatching event socket_response
2021-01-15 23:17:01,449:DEBUG:discord.gateway: Keeping shard ID None websocket alive with sequence 6.
2021-01-15 23:17:01,449:DEBUG:discord.client: Dispatching event socket_raw_send
2021-01-15 23:17:01,704:DEBUG:discord.client: Dispatching event socket_raw_receive
2021-01-15 23:17:01,705:DEBUG:discord.gateway: For Shard ID None: WebSocket Event: {'t': None, 's': None, 'op': 11, 'd': None}
2021-01-15 23:17:01,705:DEBUG:discord.client: Dispatching event socket_response
2021-01-15 23:17:42,700:DEBUG:discord.gateway: Keeping shard ID None websocket alive with sequence 6.
2021-01-15 23:17:42,701:DEBUG:discord.client: Dispatching event socket_raw_send
2021-01-15 23:17:42,950:DEBUG:discord.client: Dispatching event socket_raw_receive
2021-01-15 23:17:42,950:DEBUG:discord.gateway: For Shard ID None: WebSocket Event: {'t': None, 's': None, 'op': 11, 'd': None}
2021-01-15 23:17:42,950:DEBUG:discord.client: Dispatching event socket_response
2021-01-15 23:18:23,953:DEBUG:discord.gateway: Keeping shard ID None websocket alive with sequence 6.
2021-01-15 23:18:23,953:DEBUG:discord.client: Dispatching event socket_raw_send
2021-01-15 23:18:24,210:DEBUG:discord.client: Dispatching event socket_raw_receive
2021-01-15 23:18:24,210:DEBUG:discord.gateway: For Shard ID None: WebSocket Event: {'t': None, 's': None, 'op': 11, 'd': None}
2021-01-15 23:18:24,210:DEBUG:discord.client: Dispatching event socket_response
2021-01-15 23:19:05,205:DEBUG:discord.gateway: Keeping shard ID None websocket alive with sequence 6.
2021-01-15 23:19:05,207:DEBUG:discord.client: Dispatching event socket_raw_send
2021-01-15 23:19:05,465:DEBUG:discord.client: Dispatching event socket_raw_receive
2021-01-15 23:19:05,466:DEBUG:discord.gateway: For Shard ID None: WebSocket Event: {'t': None, 's': None, 'op': 11, 'd': None}
2021-01-15 23:19:05,466:DEBUG:discord.client: Dispatching event socket_response
2021-01-15 23:19:46,458:DEBUG:discord.gateway: Keeping shard ID None websocket alive with sequence 6.
2021-01-15 23:19:46,459:DEBUG:discord.client: Dispatching event socket_raw_send
2021-01-15 23:19:46,704:DEBUG:discord.client: Dispatching event socket_raw_receive
2021-01-15 23:19:46,704:DEBUG:discord.gateway: For Shard ID None: WebSocket Event: {'t': None, 's': None, 'op': 11, 'd': None}
2021-01-15 23:19:46,704:DEBUG:discord.client: Dispatching event socket_response
2021-01-15 23:20:27,709:DEBUG:discord.gateway: Keeping shard ID None websocket alive with sequence 6.
2021-01-15 23:20:27,710:DEBUG:discord.client: Dispatching event socket_raw_send
2021-01-15 23:20:27,965:DEBUG:discord.client: Dispatching event socket_raw_receive
2021-01-15 23:20:27,965:DEBUG:discord.gateway: For Shard ID None: WebSocket Event: {'t': None, 's': None, 'op': 11, 'd': None}
2021-01-15 23:20:27,965:DEBUG:discord.client: Dispatching event socket_response
2021-01-15 23:21:08,960:DEBUG:discord.gateway: Keeping shard ID None websocket alive with sequence 6.
2021-01-15 23:21:08,960:DEBUG:discord.client: Dispatching event socket_raw_send
2021-01-15 23:21:09,208:DEBUG:discord.client: Dispatching event socket_raw_receive
2021-01-15 23:21:09,208:DEBUG:discord.gateway: For Shard ID None: WebSocket Event: {'t': None, 's': None, 'op': 11, 'd': None}
2021-01-15 23:21:09,208:DEBUG:discord.client: Dispatching event socket_response
2021-01-15 23:21:50,216:DEBUG:discord.gateway: Keeping shard ID None websocket alive with sequence 6.
2021-01-15 23:21:50,216:DEBUG:discord.client: Dispatching event socket_raw_send
2021-01-15 23:21:50,466:DEBUG:discord.client: Dispatching event socket_raw_receive
2021-01-15 23:21:50,466:DEBUG:discord.gateway: For Shard ID None: WebSocket Event: {'t': None, 's': None, 'op': 11, 'd': None}
2021-01-15 23:21:50,466:DEBUG:discord.client: Dispatching event socket_response
